<?xml version="1.0" encoding="UTF-8"?>
<testsuite xmlns:xsi="http://www.w3.org/2001/XMLSchema-instance" xsi:noNamespaceSchemaLocation="https://maven.apache.org/surefire/maven-surefire-plugin/xsd/surefire-test-report-3.0.xsd" version="3.0" name="com.example.demo.UserControllerIntegrationTest" time="7.761" tests="1" errors="0" skipped="0" failures="0">
  <properties>
[...]
</properties>
  <testcase name="testCreateUser" classname="com.example.demo.UserControllerIntegrationTest" time="2.431">
    <system-out><![CDATA[13:32:48.785 [main] INFO org.springframework.test.context.support.AnnotationConfigContextLoaderUtils -- Could not detect default configuration classes for test class [com.example.demo.UserControllerIntegrationTest]: UserControllerIntegrationTest does not declare any static, non-private, non-final, nested classes annotated with @Configuration.
13:32:49.247 [main] INFO org.springframework.boot.test.context.SpringBootTestContextBootstrapper -- Found @SpringBootConfiguration com.example.demo.DemoApplication for test class com.example.demo.UserControllerIntegrationTest

  .   ____          _            __ _ _
 /\\ / ___'_ __ _ _(_)_ __  __ _ \ \ \ \
( ( )\___ | '_ | '_| | '_ \/ _` | \ \ \ \
 \\/  ___)| |_)| | | | | || (_| |  ) ) ) )
  '  |____| .__|_| |_|_| |_\__, | / / / /
 =========|_|==============|___/=/_/_/_/
 :: Spring Boot ::                (v3.2.0)

2025-05-29T13:32:50.320+05:30  INFO 12640 --- [           main] c.e.demo.UserControllerIntegrationTest   : Starting UserControllerIntegrationTest using Java 17 with PID 12640 (started by Rahee in E:\application\sample-app)
2025-05-29T13:32:50.320+05:30  INFO 12640 --- [           main] c.e.demo.UserControllerIntegrationTest   : No active profile set, falling back to 1 default profile: "default"
2025-05-29T13:32:53.558+05:30  INFO 12640 --- [           main] o.s.b.t.m.w.SpringBootMockServletContext : Initializing Spring TestDispatcherServlet ''
2025-05-29T13:32:53.558+05:30  INFO 12640 --- [           main] o.s.t.web.servlet.TestDispatcherServlet  : Initializing Servlet ''
2025-05-29T13:32:53.558+05:30  INFO 12640 --- [           main] o.s.t.web.servlet.TestDispatcherServlet  : Completed initialization in 0 ms
2025-05-29T13:32:53.605+05:30  INFO 12640 --- [           main] c.e.demo.UserControllerIntegrationTest   : Started UserControllerIntegrationTest in 3.964 seconds (process running for 7.077)
]]></system-out>
  </testcase>
</testsuite>